2018-11-07 14:04:01 INFO  RykerInternationalBanking:18 - Banking begun
2018-11-07 14:04:07 INFO  RykerInternationalBanking:47 - newClientCheck clientOrEmployee
2018-11-07 14:04:08 INFO  RykerInternationalBanking:59 - clientOrEmployee clientLogin
2018-11-07 14:04:20 INFO  RykerInternationalBanking:64 - clientLogin quit
2018-11-07 14:04:20 INFO  RykerInternationalBanking:102 - Bank Closed
2018-11-07 14:04:46 INFO  RykerInternationalBanking:18 - Banking begun
2018-11-07 14:04:53 INFO  RykerInternationalBanking:47 - newClientCheck clientOrEmployee
2018-11-07 14:04:54 INFO  RykerInternationalBanking:59 - clientOrEmployee employeeLogin
2018-11-07 14:04:56 INFO  RykerInternationalBanking:68 - employeeLogin adminLogin
2018-11-07 14:05:55 INFO  RykerInternationalBanking:78 - adminLogin loginScreen
2018-11-07 14:05:56 INFO  RykerInternationalBanking:81 - continueBanking quit
2018-11-07 14:05:56 INFO  RykerInternationalBanking:102 - Bank Closed
2018-11-07 14:10:12 INFO  RykerInternationalBanking:18 - Banking begun
2018-11-07 14:10:18 INFO  RykerInternationalBanking:47 - newClientCheck clientOrEmployee
2018-11-07 14:10:18 INFO  RykerInternationalBanking:59 - clientOrEmployee employeeLogin
2018-11-07 14:10:20 INFO  RykerInternationalBanking:68 - employeeLogin adminLogin
2018-11-07 14:11:30 INFO  RykerInternationalBanking:18 - Banking begun
2018-11-07 14:11:37 INFO  RykerInternationalBanking:47 - newClientCheck clientOrEmployee
2018-11-07 14:11:38 INFO  RykerInternationalBanking:59 - clientOrEmployee employeeLogin
2018-11-07 14:11:39 INFO  RykerInternationalBanking:68 - employeeLogin adminLogin
2018-11-07 14:12:49 INFO  RykerInternationalBanking:78 - adminLogin loginScreen
2018-11-07 14:12:52 INFO  RykerInternationalBanking:81 - continueBanking quit
2018-11-07 14:12:52 INFO  RykerInternationalBanking:102 - Bank Closed
2018-11-07 14:39:19 INFO  RykerInternationalBanking:18 - Banking begun
2018-11-07 14:39:37 INFO  RykerInternationalBanking:47 - newClientCheck clientCreate
2018-11-07 14:40:00 INFO  RykerInternationalBanking:51 - clientCreator loginScreen
2018-11-07 14:40:07 INFO  RykerInternationalBanking:54 - newClientCheck loginScreen
2018-11-07 14:40:07 INFO  RykerInternationalBanking:86 - loginScreen newClient
2018-11-07 14:40:10 INFO  RykerInternationalBanking:47 - newClientCheck clientOrEmployee
2018-11-07 14:40:12 INFO  RykerInternationalBanking:59 - clientOrEmployee employeeLogin
2018-11-07 14:40:13 INFO  RykerInternationalBanking:68 - employeeLogin adminLogin
2018-11-07 14:40:56 INFO  RykerInternationalBanking:78 - adminLogin loginScreen
2018-11-07 14:40:58 INFO  RykerInternationalBanking:81 - continueBanking loginScreen
2018-11-07 14:40:58 INFO  RykerInternationalBanking:86 - loginScreen newClient
2018-11-07 14:41:03 INFO  RykerInternationalBanking:47 - newClientCheck clientOrEmployee
2018-11-07 14:41:05 INFO  RykerInternationalBanking:59 - clientOrEmployee clientLogin
2018-11-07 14:42:21 INFO  RykerInternationalBanking:64 - clientLogin quit
2018-11-07 14:42:21 INFO  RykerInternationalBanking:102 - Bank Closed
2018-11-07 14:42:27 INFO  RykerInternationalBanking:18 - Banking begun
2018-11-07 14:42:41 INFO  RykerInternationalBanking:47 - newClientCheck clientCreate
2018-11-07 14:42:51 INFO  RykerInternationalBanking:51 - clientCreator loginScreen
2018-11-07 14:42:58 INFO  RykerInternationalBanking:54 - newClientCheck loginScreen
2018-11-07 14:42:58 INFO  RykerInternationalBanking:86 - loginScreen newClient
2018-11-07 14:43:00 INFO  RykerInternationalBanking:47 - newClientCheck clientOrEmployee
2018-11-07 14:43:02 INFO  RykerInternationalBanking:59 - clientOrEmployee employeeLogin
2018-11-07 14:43:22 INFO  RykerInternationalBanking:68 - employeeLogin loginScreen
2018-11-07 14:43:26 INFO  RykerInternationalBanking:73 - continueBanking loginScreen
2018-11-07 14:43:26 INFO  RykerInternationalBanking:86 - loginScreen newClient
2018-11-07 14:43:30 INFO  RykerInternationalBanking:47 - newClientCheck clientOrEmployee
2018-11-07 14:43:31 INFO  RykerInternationalBanking:59 - clientOrEmployee clientLogin
2018-11-07 14:44:02 INFO  RykerInternationalBanking:64 - clientLogin quit
2018-11-07 14:44:02 INFO  RykerInternationalBanking:102 - Bank Closed
